Arguments: 
  C:\Program Files\nodejs\node.exe C:\Users\Privremeni\AppData\Roaming\npm\node_modules\yarn\bin\yarn.js

PATH: 
  C:\Users\Privremeni\bin;C:\Program Files\Git\mingw64\bin;C:\Program Files\Git\usr\local\bin;C:\Program Files\Git\usr\bin;C:\Program Files\Git\usr\bin;C:\Program Files\Git\mingw64\bin;C:\Program Files\Git\usr\bin;C:\Users\Privremeni\bin;C:\Python310\Scripts;C:\Python310;C:\Windows\system32;C:\Windows;C:\Windows\System32\Wbem;C:\Windows\System32\WindowsPowerShell\v1.0;C:\Windows\System32\OpenSSH;C:\Program Files\nodejs;C:\ProgramData\chocolatey\bin;C:\Program Files\Git\cmd;C:\Users\Privremeni\AppData\Local\Microsoft\WindowsApps;C:\Users\Privremeni\AppData\Local\Programs\Microsoft VS Code\bin;C:\Users\Privremeni\AppData\Local\Programs\Git\cmd;C:\Users\Privremeni\AppData\Roaming\npm;C:\Program Files\Git\usr\bin\vendor_perl;C:\Program Files\Git\usr\bin\core_perl

Yarn version: 
  1.22.19

Node version: 
  16.17.0

Platform: 
  win32 x64

Trace: 
  Error: getaddrinfo ENOTFOUND registry.yarnpkg.com
      at GetAddrInfoReqWrap.onlookup [as oncomplete] (node:dns:109:26)

npm manifest: 
  {
    "name": "vite-rtk-query",
    "version": "0.3.0",
    "license": "MIT",
    "msw": {
      "workerDirectory": "public"
    },
    "scripts": {
      "start": "vite",
      "dev": "vite",
      "build": "tsc && vite build",
      "preview": "vite preview",
      "serve": "serve dist",
      "test": "vitest --run",
      "test:watch": "vitest",
      "lint": "eslint src --ext .ts,.tsx,.js,jsx",
      "lint:fix": "eslint src --ext .ts,.tsx,.js,jsx --fix",
      "typecheck": "tsc --noEmit",
      "prettier": "prettier --write \"**/*.+(json|yml|css|md|mdx)\"",
      "clean": "rimraf node_modules package-lock.json dist",
      "validate": "./scripts/validate",
      "remove:tailwind": "./scripts/remove_tailwind"
    },
    "dependencies": {
      "@reduxjs/toolkit": "^1.9.3",
      "ky": "^0.33.3",
      "react": "^18.2.0",
      "react-dom": "^18.2.0",
      "react-redux": "^8.0.5"
    },
    "devDependencies": {
      "@tailwindcss/aspect-ratio": "^0.4.2",
      "@tailwindcss/forms": "^0.5.3",
      "@tailwindcss/line-clamp": "^0.4.4",
      "@tailwindcss/typography": "^0.5.9",
      "@testing-library/dom": "^9.2.0",
      "@testing-library/jest-dom": "^5.16.5",
      "@testing-library/react": "^14.0.0",
      "@testing-library/user-event": "^14.4.3",
      "@types/node": "^18.15.11",
      "@types/react": "^18.0.34",
      "@types/react-dom": "^18.0.11",
      "@types/testing-library__jest-dom": "^5.14.5",
      "@typescript-eslint/eslint-plugin": "^5.58.0",
      "@typescript-eslint/parser": "^5.58.0",
      "@vitejs/plugin-react": "^3.1.0",
      "all-contributors-cli": "^6.24.0",
      "autoprefixer": "^10.4.14",
      "concurrently": "^8.0.1",
      "eslint": "^8.37.0",
      "eslint-config-prettier": "^8.8.0",
      "eslint-config-typescript": "^3.0.0",
      "eslint-import-resolver-typescript": "^3.5.4",
      "eslint-plugin-import": "^2.27.5",
      "eslint-plugin-jsx-a11y": "^6.7.1",
      "eslint-plugin-prettier": "^4.2.1",
      "eslint-plugin-react-hooks": "^4.6.0",
      "eslint-plugin-sort-keys-fix": "^1.1.2",
      "jsdom": "^21.1.1",
      "msw": "^1.2.1",
      "node-fetch": "^3.3.1",
      "postcss": "^8.4.21",
      "prettier": "^2.8.7",
      "prettier-plugin-tailwindcss": "^0.2.6",
      "serve": "^14.2.0",
      "tailwindcss": "^3.3.1",
      "typescript": "^5.0.3",
      "vite": "^4.2.1",
      "vitest": "^0.30.1"
    }
  }

yarn manifest: 
  No manifest

Lockfile: 
  No lockfile
